[    0.000000] Initializing cgroup subsys cpuset
[    0.000000] Initializing cgroup subsys cpu
[    0.000000] Initializing cgroup subsys cpuacct
[    0.000000] Linux version 4.4.0-78-generic (buildd@lgw01-11) (gcc version 5.4.0 20160609 (Ubuntu 5.4.0-6ubuntu1~16.04.4) ) #99-Ubuntu SMP Thu Apr 27 15:29:09 UTC 2017 (Ubuntu 4.4.0-78.99-generic 4.4.62)
[    0.000000] Command line: BOOT_IMAGE=/boot/vmlinuz-4.4.0-78-generic root=UUID=3fc57f95-9d8a-4e6f-8f8c-c02b10adc587 ro console=tty1 console=ttyS0
[    0.000000] KERNEL supported cpus:
[    0.000000]   Intel GenuineIntel
[    0.000000]   AMD AuthenticAMD
[    0.000000]   Centaur CentaurHauls
[    0.000000] x86/fpu: xstate_offset[2]:  576, xstate_sizes[2]:  256
[    0.000000] x86/fpu: Supporting XSAVE feature 0x01: 'x87 floating point registers'
[    0.000000] x86/fpu: Supporting XSAVE feature 0x02: 'SSE registers'
[    0.000000] x86/fpu: Supporting XSAVE feature 0x04: 'AVX registers'
[    0.000000] x86/fpu: Enabled xstate features 0x7, context size is 832 bytes, using 'standard' format.
[    0.000000] x86/fpu: Using 'lazy' FPU context switches.
[    0.000000] e820: BIOS-provided physical RAM map:
[    0.000000] BIOS-e820: [mem 0x0000000000000000-0x000000000009fbff] usable
[    0.000000] BIOS-e820: [mem 0x000000000009fc00-0x000000000009ffff] reserved
[    0.000000] BIOS-e820: [mem 0x00000000000f0000-0x00000000000fffff] reserved
[    0.000000] BIOS-e820: [mem 0x0000000000100000-0x000000007ffeffff] usable
[    0.000000] BIOS-e820: [mem 0x000000007fff0000-0x000000007fffffff] ACPI data
[    0.000000] BIOS-e820: [mem 0x00000000fec00000-0x00000000fec00fff] reserved
[    0.000000] BIOS-e820: [mem 0x00000000fee00000-0x00000000fee00fff] reserved
[    0.000000] BIOS-e820: [mem 0x00000000fffc0000-0x00000000ffffffff] reserved
[    0.000000] NX (Execute Disable) protection: active
[    0.000000] SMBIOS 2.5 present.
[    0.000000] Hypervisor detected: KVM
[    0.000000] e820: last_pfn = 0x7fff0 max_arch_pfn = 0x400000000
[    0.000000] MTRR: Disabled
[    0.000000] x86/PAT: MTRRs disabled, skipping PAT initialization too.
[    0.000000] x86/PAT: Configuration [0-7]: WB  WT  UC- UC  WB  WT  UC- UC  
[    0.000000] CPU MTRRs all blank - virtualized system.
[    0.000000] found SMP MP-table at [mem 0x0009fff0-0x0009ffff] mapped at [ffff88000009fff0]
[    0.000000] Scanning 1 areas for low memory corruption
[    0.000000] RAMDISK: [mem 0x36238000-0x37113fff]
[    0.000000] ACPI: Early table checksum verification disabled
[    0.000000] ACPI: RSDP 0x00000000000E0000 000024 (v02 VBOX  )
[    0.000000] ACPI: XSDT 0x000000007FFF0030 00003C (v01 VBOX   VBOXXSDT 00000001 ASL  00000061)
[    0.000000] ACPI: FACP 0x000000007FFF00F0 0000F4 (v04 VBOX   VBOXFACP 00000001 ASL  00000061)
[    0.000000] ACPI: DSDT 0x000000007FFF0470 0021C8 (v02 VBOX   VBOXBIOS 00000002 INTL 20100528)
[    0.000000] ACPI: FACS 0x000000007FFF0200 000040
[    0.000000] ACPI: FACS 0x000000007FFF0200 000040
[    0.000000] ACPI: APIC 0x000000007FFF0240 00005C (v02 VBOX   VBOXAPIC 00000001 ASL  00000061)
[    0.000000] ACPI: SSDT 0x000000007FFF02A0 0001CC (v01 VBOX   VBOXCPUT 00000002 INTL 20100528)
[    0.000000] No NUMA configuration found
[    0.000000] Faking a node at [mem 0x0000000000000000-0x000000007ffeffff]
[    0.000000] NODE_DATA(0) allocated [mem 0x7ffeb000-0x7ffeffff]
[    0.000000] kvm-clock: Using msrs 4b564d01 and 4b564d00
[    0.000000] kvm-clock: cpu 0, msr 0:7ffe3001, primary cpu clock
[    0.000000] kvm-clock: using sched offset of 3457082818 cycles
[    0.000000] clocksource: kvm-clock: mask: 0xffffffffffffffff max_cycles: 0x1cd42e4dffb, max_idle_ns: 881590591483 ns
[    0.000000] Zone ranges:
[    0.000000]   DMA      [mem 0x0000000000001000-0x0000000000ffffff]
[    0.000000]   DMA32    [mem 0x0000000001000000-0x000000007ffeffff]
[    0.000000]   Normal   empty
[    0.000000]   Device   empty
[    0.000000] Movable zone start for each node
[    0.000000] Early memory node ranges
[    0.000000]   node   0: [mem 0x0000000000001000-0x000000000009efff]
[    0.000000]   node   0: [mem 0x0000000000100000-0x000000007ffeffff]
[    0.000000] Initmem setup node 0 [mem 0x0000000000001000-0x000000007ffeffff]
[    0.000000] ACPI: PM-Timer IO Port: 0x4008
[    0.000000] IOAPIC[0]: apic_id 2, version 32, address 0xfec00000, GSI 0-23
[    0.000000] ACPI: INT_SRC_OVR (bus 0 bus_irq 0 global_irq 2 dfl dfl)
[    0.000000] ACPI: INT_SRC_OVR (bus 0 bus_irq 9 global_irq 9 high level)
[    0.000000] Using ACPI (MADT) for SMP configuration information
[    0.000000] smpboot: Allowing 2 CPUs, 0 hotplug CPUs
[    0.000000] PM: Registered nosave memory: [mem 0x00000000-0x00000fff]
[    0.000000] PM: Registered nosave memory: [mem 0x0009f000-0x0009ffff]
[    0.000000] PM: Registered nosave memory: [mem 0x000a0000-0x000effff]
[    0.000000] PM: Registered nosave memory: [mem 0x000f0000-0x000fffff]
[    0.000000] e820: [mem 0x80000000-0xfebfffff] available for PCI devices
[    0.000000] Booting paravirtualized kernel on KVM
[    0.000000] clocksource: refined-jiffies: mask: 0xffffffff max_cycles: 0xffffffff, max_idle_ns: 7645519600211568 ns
[    0.000000] setup_percpu: NR_CPUS:512 nr_cpumask_bits:512 nr_cpu_ids:2 nr_node_ids:1
[    0.000000] PERCPU: Embedded 33 pages/cpu @ffff88007fc00000 s98264 r8192 d28712 u1048576
[    0.000000] PV qspinlock hash table entries: 256 (order: 0, 4096 bytes)
[    0.000000] Built 1 zonelists in Node order, mobility grouping on.  Total pages: 515961
[    0.000000] Policy zone: DMA32
[    0.000000] Kernel command line: BOOT_IMAGE=/boot/vmlinuz-4.4.0-78-generic root=UUID=3fc57f95-9d8a-4e6f-8f8c-c02b10adc587 ro console=tty1 console=ttyS0
[    0.000000] PID hash table entries: 4096 (order: 3, 32768 bytes)
[    0.000000] Memory: 2029556K/2096696K available (8469K kernel code, 1294K rwdata, 3984K rodata, 1484K init, 1316K bss, 67140K reserved, 0K cma-reserved)
[    0.000000] SLUB: HWalign=64, Order=0-3, MinObjects=0, CPUs=2, Nodes=1
[    0.000000] Hierarchical RCU implementation.
[    0.000000] 	Build-time adjustment of leaf fanout to 64.
[    0.000000] 	RCU restricting CPUs from NR_CPUS=512 to nr_cpu_ids=2.
[    0.000000] RCU: Adjusting geometry for rcu_fanout_leaf=64, nr_cpu_ids=2
[    0.000000] NR_IRQS:33024 nr_irqs:440 16
[    0.000000] Console: colour VGA+ 80x25
[    0.000000] console [tty1] enabled
[    0.000000] console [ttyS0] enabled
[    0.000000] tsc: Detected 2699.998 MHz processor
[    4.390946] Calibrating delay loop (skipped) preset value.. 5399.99 BogoMIPS (lpj=10799992)
[    4.408321] pid_max: default: 32768 minimum: 301
[    4.412944] ACPI: Core revision 20150930
[    4.420618] ACPI: 2 ACPI AML tables successfully acquired and loaded
[    4.428070] Security Framework initialized
[    4.431913] Yama: becoming mindful.
[    4.436319] AppArmor: AppArmor initialized
[    4.445470] Dentry cache hash table entries: 262144 (order: 9, 2097152 bytes)
[    4.455080] Inode-cache hash table entries: 131072 (order: 8, 1048576 bytes)
[    4.464086] Mount-cache hash table entries: 4096 (order: 3, 32768 bytes)
[    4.471780] Mountpoint-cache hash table entries: 4096 (order: 3, 32768 bytes)
[    4.479691] Initializing cgroup subsys io
[    4.480661] Initializing cgroup subsys memory
[    4.481775] Initializing cgroup subsys devices
[    4.482797] Initializing cgroup subsys freezer
[    4.489469] Initializing cgroup subsys net_cls
[    4.490894] Initializing cgroup subsys perf_event
[    4.491949] Initializing cgroup subsys net_prio
[    4.493095] Initializing cgroup subsys hugetlb
[    4.494156] Initializing cgroup subsys pids
[    4.495242] CPU: Physical Processor ID: 0
[    4.509163] CPU: Processor Core ID: 0
[    4.562248] mce: CPU supports 0 MCE banks
[    4.563314] Last level iTLB entries: 4KB 64, 2MB 8, 4MB 8
[    4.610688] Last level dTLB entries: 4KB 64, 2MB 0, 4MB 0, 1GB 4
[    4.619348] Freeing SMP alternatives memory: 32K (ffffffff820b8000 - ffffffff820c0000)
[    4.648040] ftrace: allocating 32120 entries in 126 pages
[    4.763571] smpboot: APIC(0) Converting physical 0 to logical package 0
[    4.782575] smpboot: Max logical packages: 1
[    4.801007] x2apic enabled
[    4.807606] Switched APIC routing to physical x2apic.
[    4.815436] ..TIMER: vector=0x30 apic1=0 pin1=2 apic2=-1 pin2=-1
[    4.935687] APIC calibration not consistent with PM-Timer: 101ms instead of 100ms
[    4.971073] APIC delta adjusted to PM-Timer: 6175631 (6271435)
[    5.011508] smpboot: CPU0: Intel(R) Core(TM) i5-5257U CPU @ 2.70GHz (family: 0x6, model: 0x3d, stepping: 0x4)
[    5.034690] Performance Events: unsupported p6 CPU model 61 no PMU driver, software events only.
[    5.071638] KVM setup paravirtual spinlock
[    5.097125] x86: Booting SMP configuration:
[    5.132622] .... node  #0, CPUs:      #1
[    5.152046] kvm-clock: cpu 1, msr 0:7ffe3041, secondary cpu clock
[    5.175497] mce: CPU supports 0 MCE banks
[    5.191867] x86: Booted up 1 node, 2 CPUs
[    5.229559] smpboot: Total of 2 processors activated (10799.99 BogoMIPS)
[    5.239825] devtmpfs: initialized
[    5.258286] evm: security.selinux
[    5.266760] evm: security.SMACK64
[    5.281674] evm: security.SMACK64EXEC
[    5.287429] evm: security.SMACK64TRANSMUTE
[    5.315301] evm: security.SMACK64MMAP
[    5.337868] evm: security.ima
[    5.338650] evm: security.capability
[    5.349566] clocksource: jiffies: mask: 0xffffffff max_cycles: 0xffffffff, max_idle_ns: 7645041785100000 ns
[    5.385790] futex hash table entries: 512 (order: 3, 32768 bytes)
[    5.402058] pinctrl core: initialized pinctrl subsystem
[    5.425423] RTC time: 20:01:48, date: 05/20/17
[    5.438655] NET: Registered protocol family 16
[    5.454679] cpuidle: using governor ladder
[    5.474860] cpuidle: using governor menu
[    5.485030] PCCT header not found.
[    5.497904] ACPI: bus type PCI registered
[    5.503419] acpiphp: ACPI Hot Plug PCI Controller Driver version: 0.5
[    5.508147] PCI: Using configuration type 1 for base access
[    5.524184] ACPI: Added _OSI(Module Device)
[    5.526230] ACPI: Added _OSI(Processor Device)
[    5.528151] ACPI: Added _OSI(3.0 _SCP Extensions)
[    5.563065] ACPI: Added _OSI(Processor Aggregator Device)
[    5.629114] ACPI: Executed 1 blocks of module-level executable AML code
[    5.710885] ACPI: Interpreter enabled
[    5.724097] ACPI: (supports S0 S5)
[    5.724937] ACPI: Using IOAPIC for interrupt routing
[    5.750585] PCI: Using host bridge windows from ACPI; if necessary, use "pci=nocrs" and report a bug
[    5.792732] ACPI: PCI Root Bridge [PCI0] (domain 0000 [bus 00-ff])
[    5.824069] acpi PNP0A03:00: _OSC: OS supports [ASPM ClockPM Segments MSI]
[    5.828102] acpi PNP0A03:00: _OSC failed (AE_NOT_FOUND); disabling ASPM
[    5.868806] acpi PNP0A03:00: fail to add MMCONFIG information, can't access extended PCI configuration space under this bridge.
[    5.889363] PCI host bridge to bus 0000:00
[    5.922648] pci_bus 0000:00: root bus resource [io  0x0000-0x0cf7 window]
[    5.935690] pci_bus 0000:00: root bus resource [io  0x0d00-0xffff window]
[    5.966121] pci_bus 0000:00: root bus resource [mem 0x000a0000-0x000bffff window]
[    5.994118] pci_bus 0000:00: root bus resource [mem 0x80000000-0xffdfffff window]
[    5.997107] pci_bus 0000:00: root bus resource [bus 00-ff]
[    6.013130] pci 0000:00:01.1: legacy IDE quirk: reg 0x10: [io  0x01f0-0x01f7]
[    6.021600] pci 0000:00:01.1: legacy IDE quirk: reg 0x14: [io  0x03f6]
[    6.064973] pci 0000:00:01.1: legacy IDE quirk: reg 0x18: [io  0x0170-0x0177]
[    6.075459] pci 0000:00:01.1: legacy IDE quirk: reg 0x1c: [io  0x0376]
[    6.109708] pci 0000:00:07.0: quirk: [io  0x4000-0x403f] claimed by PIIX4 ACPI
[    6.133951] pci 0000:00:07.0: quirk: [io  0x4100-0x410f] claimed by PIIX4 SMB
[    6.195686] ACPI: PCI Interrupt Link [LNKA] (IRQs 5 9 10 *11)
[    6.246760] ACPI: PCI Interrupt Link [LNKB] (IRQs 5 9 10 *11)
[    6.297513] ACPI: PCI Interrupt Link [LNKC] (IRQs 5 9 *10 11)
[    6.331613] ACPI: PCI Interrupt Link [LNKD] (IRQs 5 *9 10 11)
[    6.396291] ACPI: Enabled 2 GPEs in block 00 to 07
[    6.443411] vgaarb: setting as boot device: PCI:0000:00:02.0
[    6.496970] vgaarb: device added: PCI:0000:00:02.0,decodes=io+mem,owns=io+mem,locks=none
[    6.537072] vgaarb: loaded
[    6.562004] vgaarb: bridge control possible 0000:00:02.0
[    6.587708] SCSI subsystem initialized
[    6.615275] ACPI: bus type USB registered
[    6.649648] usbcore: registered new interface driver usbfs
[    6.663919] usbcore: registered new interface driver hub
[    6.665157] usbcore: registered new device driver usb
[    6.670391] PCI: Using ACPI for IRQ routing
[    6.695310] NetLabel: Initializing
[    6.722450] NetLabel:  domain hash size = 128
[    6.749775] NetLabel:  protocols = UNLABELED CIPSOv4
[    6.783106] NetLabel:  unlabeled traffic allowed by default
[    6.841342] amd_nb: Cannot enumerate AMD northbridges
[    6.880147] clocksource: Switched to clocksource kvm-clock
[    6.926896] AppArmor: AppArmor Filesystem Enabled
[    6.991486] pnp: PnP ACPI init
[    7.035727] pnp: PnP ACPI: found 3 devices
[    7.097932] clocksource: acpi_pm: mask: 0xffffff max_cycles: 0xffffff, max_idle_ns: 2085701024 ns
[    7.165925] NET: Registered protocol family 2
[    7.243064] TCP established hash table entries: 16384 (order: 5, 131072 bytes)
[    7.351273] TCP bind hash table entries: 16384 (order: 6, 262144 bytes)
[    7.410846] TCP: Hash tables configured (established 16384 bind 16384)
[    7.413588] UDP hash table entries: 1024 (order: 3, 32768 bytes)
[    7.529057] UDP-Lite hash table entries: 1024 (order: 3, 32768 bytes)
[    7.565630] NET: Registered protocol family 1
[    7.587782] pci 0000:00:00.0: Limiting direct PCI/PCI transfers
[    7.649229] pci 0000:00:01.0: Activating ISA DMA hang workarounds
[    7.651042] Unpacking initramfs...
[    7.943005] Freeing initrd memory: 15216K (ffff880036238000 - ffff880037114000)
[    8.034985] RAPL PMU detected, API unit is 2^-32 Joules, 4 fixed counters 10737418240 ms ovfl timer
[    8.130327] hw unit of domain pp0-core 2^-0 Joules
[    8.176714] hw unit of domain package 2^-0 Joules
[    8.184713] hw unit of domain dram 2^-0 Joules
[    8.236894] hw unit of domain pp1-gpu 2^-0 Joules
[    8.243533] platform rtc_cmos: registered platform RTC device (no PNP device found)
[    8.273379] Scanning for low memory corruption every 60 seconds
[    8.365948] audit: initializing netlink subsys (disabled)
[    8.401305] audit: type=2000 audit(1495310510.969:1): initialized
[    8.426790] Initialise system trusted keyring
[    8.469105] HugeTLB registered 2 MB page size, pre-allocated 0 pages
[    8.516637] zbud: loaded
[    8.576938] VFS: Disk quotas dquot_6.6.0
[    8.622255] VFS: Dquot-cache hash table entries: 512 (order 0, 4096 bytes)
[    8.685330] squashfs: version 4.0 (2009/01/31) Phillip Lougher
[    8.784633] fuse init (API version 7.23)
[    8.846150] Key type big_key registered
[    8.883010] Allocating IMA MOK and blacklist keyrings.
[    8.914163] Key type asymmetric registered
[    8.925591] Asymmetric key parser 'x509' registered
[    8.945880] Block layer SCSI generic (bsg) driver version 0.4 loaded (major 249)
[    8.997832] io scheduler noop registered
[    9.080543] io scheduler deadline registered (default)
[    9.106945] io scheduler cfq registered
[    9.177301] pci_hotplug: PCI Hot Plug PCI Core version: 0.5
[    9.241581] tsc: Refined TSC clocksource calibration: 2702.179 MHz
[    9.241583] clocksource: tsc: mask: 0xffffffffffffffff max_cycles: 0x26f348b31ff, max_idle_ns: 440795206438 ns
[    9.526409] pciehp: PCI Express Hot Plug Controller Driver version: 0.4
[    9.601180] ACPI: AC Adapter [AC] (off-line)
[    9.627026] input: Power Button as /devices/LNXSYSTM:00/LNXPWRBN:00/input/input0
[    9.768828] ACPI: Power Button [PWRF]
[    9.822576] input: Sleep Button as /devices/LNXSYSTM:00/LNXSLPBN:00/input/input1
[    9.967467] ACPI: Sleep Button [SLPF]
[   10.003406] GHES: HEST is not enabled!
[   10.025837] ACPI: Battery Slot [BAT0] (battery present)
[   10.036883] Serial: 8250/16550 driver, 32 ports, IRQ sharing enabled
[   10.136008] 00:02: ttyS0 at I/O 0x3f8 (irq = 4, base_baud = 115200) is a 16550A
[   10.256256] Linux agpgart interface v0.103
[   10.294859] loop: module loaded
[   10.332177] scsi host0: ata_piix
[   10.356978] scsi host1: ata_piix
[   10.382032] ata1: PATA max UDMA/33 cmd 0x1f0 ctl 0x3f6 bmdma 0xd000 irq 14
[   10.443146] ata2: PATA max UDMA/33 cmd 0x170 ctl 0x376 bmdma 0xd008 irq 15
[   10.445214] libphy: Fixed MDIO Bus: probed
[   10.518119] tun: Universal TUN/TAP device driver, 1.6
[   10.544892] tun: (C) 1999-2004 Max Krasnyansky <maxk@qualcomm.com>
[   10.573609] PPP generic driver version 2.4.2
[   10.662955] ehci_hcd: USB 2.0 'Enhanced' Host Controller (EHCI) Driver
[   10.736938] ehci-pci: EHCI PCI platform driver
[   10.830932] ehci-platform: EHCI generic platform driver
[   10.896519] ohci_hcd: USB 1.1 'Open' Host Controller (OHCI) Driver
[   11.043932] ohci-pci: OHCI PCI platform driver
[   11.116426] ohci-platform: OHCI generic platform driver
[   11.140681] uhci_hcd: USB Universal Host Controller Interface driver
[   11.157079] i8042: PNP: PS/2 Controller [PNP0303:PS2K,PNP0f03:PS2M] at 0x60,0x64 irq 1,12
[   11.178941] serio: i8042 KBD port at 0x60,0x64 irq 1
[   11.211034] serio: i8042 AUX port at 0x60,0x64 irq 12
[   11.242432] mousedev: PS/2 mouse device common for all mice
[   11.301363] rtc_cmos rtc_cmos: rtc core: registered rtc_cmos as rtc0
[   11.424331] rtc_cmos rtc_cmos: alarms up to one day, 114 bytes nvram
[   11.532198] input: AT Translated Set 2 keyboard as /devices/platform/i8042/serio0/input/input2
[   11.640097] i2c /dev entries driver
[   11.716143] device-mapper: uevent: version 1.0.3
[   11.802864] device-mapper: ioctl: 4.34.0-ioctl (2015-10-28) initialised: dm-devel@redhat.com
[   11.943677] ledtrig-cpu: registered to indicate activity on CPUs
[   11.993756] NET: Registered protocol family 10
[   12.039597] NET: Registered protocol family 17
[   12.043302] Key type dns_resolver registered
[   12.069109] microcode: CPU0 sig=0x306d4, pf=0x40, revision=0x0
[   12.127301] microcode: CPU1 sig=0x306d4, pf=0x40, revision=0x0
[   12.130038] microcode: Microcode Update Driver: v2.01 <tigran@aivazian.fsnet.co.uk>, Peter Oruba
[   12.204843] registered taskstats version 1
[   12.211868] Loading compiled-in X.509 certificates
[   12.228549] Loaded X.509 cert 'Build time autogenerated kernel key: 779fd75203f0d36b99b83c7328fac831ec7adf9e'
[   12.241357] zswap: loaded using pool lzo/zbud
[   12.253045] Key type trusted registered
[   12.263642] Key type encrypted registered
[   12.267380] AppArmor: AppArmor sha1 policy hashing enabled
[   12.272603] ima: No TPM chip found, activating TPM-bypass!
[   12.285104] evm: HMAC attrs: 0x1
[   12.289292]   Magic number: 1:580:43
[   12.298041] rtc_cmos rtc_cmos: setting system clock to 2017-05-20 20:01:55 UTC (1495310515)
[   12.311557] BIOS EDD facility v0.16 2004-Jun-25, 0 devices found
[   12.328922] EDD information not available.
[   12.352741] Freeing unused kernel memory: 1484K (ffffffff81f45000 - ffffffff820b8000)
[   12.370415] Write protecting the kernel read-only data: 14336k
[   12.386565] Freeing unused kernel memory: 1760K (ffff880001848000 - ffff880001a00000)
[   12.402278] Freeing unused kernel memory: 112K (ffff880001de4000 - ffff880001e00000)
Loading, please wait...
starting version 229
[   12.432601] random: systemd-udevd: uninitialized urandom read (16 bytes read, 7 bits of entropy available)
[   12.432948] random: udevadm: uninitialized urandom read (16 bytes read, 7 bits of entropy available)
[   12.432983] random: udevadm: uninitialized urandom read (16 bytes read, 7 bits of entropy available)
[   12.433085] random: udevadm: uninitialized urandom read (16 bytes read, 7 bits of entropy available)
[   12.433120] random: udevadm: uninitialized urandom read (16 bytes read, 7 bits of entropy available)
[   12.433162] random: udevadm: uninitialized urandom read (16 bytes read, 7 bits of entropy available)
[   12.433198] random: udevadm: uninitialized urandom read (16 bytes read, 7 bits of entropy available)
[   12.433230] random: udevadm: uninitialized urandom read (16 bytes read, 7 bits of entropy available)
[   12.433260] random: udevadm: uninitialized urandom read (16 bytes read, 7 bits of entropy available)
[   12.433293] random: udevadm: uninitialized urandom read (16 bytes read, 7 bits of entropy available)
[   12.758487] e1000: Intel(R) PRO/1000 Network Driver - version 7.3.21-k8-NAPI
[   12.774065] e1000: Copyright (c) 1999-2006 Intel Corporation.
[   12.782140] Fusion MPT base driver 3.04.20
[   12.815101] Copyright (c) 1999-2008 LSI Corporation
[   12.825994] Fusion MPT SPI Host driver 3.04.20
[   12.878998] AVX version of gcm_enc/dec engaged.
[   12.899833] AES CTR mode by8 optimization enabled
[   13.027481] input: ImExPS/2 Generic Explorer Mouse as /devices/platform/i8042/serio1/input/input4
[   13.308804] e1000 0000:00:03.0 eth0: (PCI:33MHz:32-bit) 02:0a:90:ed:0d:4f
[   13.356861] e1000 0000:00:03.0 eth0: Intel(R) PRO/1000 Network Connection
[   13.392233] mptbase: ioc0: Initiating bringup
[   13.464747] ioc0: LSI53C1030 A0: Capabilities={Initiator}
[   13.702647] scsi host2: ioc0: LSI53C1030 A0, FwRev=00000000h, Ports=1, MaxQ=256, IRQ=20
[   13.937896] scsi 2:0:0:0: Direct-Access     VBOX     HARDDISK         1.0  PQ: 0 ANSI: 5
[   13.963897] scsi target2:0:0: Beginning Domain Validation
[   14.010020] scsi target2:0:0: Domain Validation skipping write tests
[   14.022158] scsi target2:0:0: Ending Domain Validation
[   14.023454] scsi target2:0:0: asynchronous
[   14.040451] scsi 2:0:1:0: Direct-Access     VBOX     HARDDISK         1.0  PQ: 0 ANSI: 5
[   14.057286] scsi target2:0:1: Beginning Domain Validation
[   14.064098] scsi target2:0:1: Domain Validation skipping write tests
[   14.074937] scsi target2:0:1: Ending Domain Validation
[   14.081785] scsi target2:0:1: asynchronous
[   14.105053] sd 2:0:0:0: Attached scsi generic sg0 type 0
[   14.110549] sd 2:0:0:0: [sda] 20971520 512-byte logical blocks: (10.7 GB/10.0 GiB)
[   14.120510] sd 2:0:1:0: Attached scsi generic sg1 type 0
[   14.124180] sd 2:0:1:0: [sdb] 20480 512-byte logical blocks: (10.5 MB/10.0 MiB)
[   14.128409] sd 2:0:0:0: [sda] Write Protect is off
[   14.134363] sd 2:0:1:0: [sdb] Write Protect is off
[   14.141931] sd 2:0:0:0: [sda] Incomplete mode parameter data
[   14.146416] sd 2:0:0:0: [sda] Assuming drive cache: write through
[   14.148415] sd 2:0:1:0: [sdb] Incomplete mode parameter data
[   14.161209] sd 2:0:1:0: [sdb] Assuming drive cache: write through
[   14.165938]  sda: sda1
[   14.174540] sd 2:0:0:0: [sda] Attached SCSI disk
[   14.190624] sd 2:0:1:0: [sdb] Attached SCSI disk
[   14.355236] e1000 0000:00:08.0 eth1: (PCI:33MHz:32-bit) 08:00:27:0b:aa:8b
[   14.357837] e1000 0000:00:08.0 eth1: Intel(R) PRO/1000 Network Connection
[   14.360037] e1000 0000:00:03.0 enp0s3: renamed from eth0
[   14.416695] e1000 0000:00:08.0 enp0s8: renamed from eth1
[   15.920396] floppy0: no floppy controllers found
Begin: Loading e[   17.325128] md: linear personality registered for level -1
ssential drivers[   17.435425] md: multipath personality registered for level -4
 ... [   17.521544] md: raid0 personality registered for level 0
[   17.556977] md: raid1 personality registered for level 1
[   17.652564] raid6: sse2x1   gen()  6807 MB/s
[   17.784606] raid6: sse2x1   xor()  7213 MB/s
[   17.864326] raid6: sse2x2   gen()  7582 MB/s
[   17.948618] raid6: sse2x2   xor()  5133 MB/s
[   18.052170] raid6: sse2x4   gen() 13244 MB/s
[   18.192174] raid6: sse2x4   xor()  9522 MB/s
[   18.238866] raid6: using algorithm sse2x4 gen() 13244 MB/s
[   18.281491] raid6: .... xor() 9522 MB/s, rmw enabled
[   18.315480] raid6: using ssse3x2 recovery algorithm
[   18.347979] xor: automatically using best checksumming function:
[   18.448254]    avx       : 19636.000 MB/sec
[   18.487782] async_tx: api initialized (async)
[   18.543972] md: raid6 personality registered for level 6
[   18.626743] md: raid5 personality registered for level 5
[   18.682503] md: raid4 personality registered for level 4
[   18.778116] md: raid10 personality registered for level 10
done.
Begin: Running /scripts/init-premount ...[   18.855952] Btrfs loaded
 done.
Begin: Mounting root file system ... Begin: Running /scripts/local-top ... done.
Begin: Running /scripts/local-premount ... Scanning for Btrfs filesystems
done.
Warning: fsck no[   18.909336] EXT4-fs (sda1): mounted filesystem with ordered data mode. Opts: (null)
t present, so skipping root file system
done.
Begin: Running /scripts/local-bottom ... done.
Begin: Running /scripts/init-bottom ... done.
[   19.094504] systemd[1]: systemd 229 running in system mode. (+PAM +AUDIT +SELINUX +IMA +APPARMOR +SMACK +SYSVINIT +UTMP +LIBCRYPTSETUP +GCRYPT +GNUTLS +ACL +XZ -LZ4 +SECCOMP +BLKID +ELFUTILS +KMOD -IDN)
[   19.348858] systemd[1]: Detected virtualization oracle.
[   19.461978] systemd[1]: Detected architecture x86-64.

Welcome to [1mUbuntu 16.04.2 LTS[0m!

[   19.529582] systemd[1]: Set hostname to <ubuntu-xenial>.
[   19.692499] systemd[1]: Listening on LVM2 poll daemon socket.
[[0;32m  OK  [0m] Listening on LVM2 poll daemon socket.
[   19.829454] systemd[1]: Listening on Journal Socket.
[[0;32m  OK  [0m] Listening on Journal Socket.
[   19.947240] systemd[1]: Started Forward Password Requests to Wall Directory Watch.
[[0;32m  OK  [0m] Started Forward Password Requests to Wall Directory Watch.
[   20.104394] systemd[1]: Reached target User and Group Name Lookups.
[[0;32m  OK  [0m] Reached target User and Group Name Lookups.
[   20.241672] systemd[1]: Listening on Journal Audit Socket.
[[0;32m  OK  [0m] Listening on Journal Audit Socket.
[   20.296460] systemd[1]: Listening on udev Kernel Socket.
[[0;32m  OK  [0m] Listening on udev Kernel Socket.
[   20.334677] systemd[1]: Listening on udev Control Socket.
[[0;32m  OK  [0m] Listening on udev Control Socket.
[   20.359339] systemd[1]: Created slice System Slice.
[[0;32m  OK  [0m] Created slice System Slice.
[   20.444591] systemd[1]: Starting Uncomplicated firewall...
         Starting Uncomplicated firewall...
[   20.500357] systemd[1]: Starting Remount Root and Kernel File Systems...
[   20.514602] EXT4-fs (sda1): re-mounted. Opts: (null)
         Starting Remount Root and Kernel File Systems...
[   20.593004] systemd[1]: Created slice system-serial\x2dgetty.slice.
[[0;32m  OK  [0m] Created slice system-serial\x2dgetty.slice.
[   20.652679] systemd[1]: Starting Load Kernel Modules...
[   20.668871] Loading iSCSI transport class v2.0-870.
         Startin[   20.752046] random: nonblocking pool is initialized
g Load Kernel Mo[   20.829176] iscsi: registered transport (tcp)
dules...
[   20.916622] systemd[1]: Starting Nameserver information manager...
         Starting Nameserver information [   20.973709] iscsi: registered transport (iser)
manager...
[   21.025182] systemd[1]: Mounting POSIX Message Queue File System...
         Mounting POSIX Message Queue File System...
[   21.108688] systemd[1]: Created slice User and Session Slice.
[[0;32m  OK  [0m] Created slice User and Session Slice.
[   21.220323] systemd[1]: Reached target Slices.
[[0;32m  OK  [0m] Reached target Slices.
[   21.268748] systemd[1]: Listening on Journal Socket (/dev/log).
[[0;32m  OK  [0m] Listening on Journal Socket (/dev/log).
[   21.360883] systemd[1]: Listening on Device-mapper event daemon FIFOs.
[[0;32m  OK  [0m] Listening on Device-mapper event daemon FIFOs.
[   21.416586] systemd[1]: Listening on Syslog Socket.
[[0;32m  OK  [0m] Listening on Syslog Socket.
[   21.580731] systemd[1]: Starting Journal Service...
         Starting Journal Service...
[   21.649066] systemd[1]: Starting Set console keymap...
         Starting Set console keymap...
[   21.736435] systemd[1]: Reached target Swap.
[[0;32m  OK  [0m] Reached target Swap.
[   21.804727] systemd[1]: Mounting Debug File System...
         Mounting Debug File System...
[   21.888611] systemd[1]: Mounting Huge Pages File System...
         Mounting Huge Pages File System...
[   21.988517] systemd[1]: Set up automount Arbitrary Executable File Formats File System Automount Point.
[[0;32m  OK  [0m] Set up automount Arbitrary Executab...ats File System Automount Point.
[   22.166642] systemd[1]: Listening on LVM2 metadata daemon socket.
[[0;32m  OK  [0m] Listening on LVM2 metadata daemon socket.
[   22.260689] systemd[1]: Starting Monitoring of LVM2 mirrors, snapshots etc. using dmeventd or progress polling...
         Starting Monitoring of LVM2 mirrors... dmeventd or progress polling...
[   22.373384] systemd[1]: Reached target Encrypted Volumes.
[[0;32m  OK  [0m] Reached target Encrypted Volumes.
[   22.404815] systemd[1]: Listening on /dev/initctl Compatibility Named Pipe.
[[0;32m  OK  [0m] Listening on /dev/initctl Compatibility Named Pipe.
[   22.488621] systemd[1]: Starting Create list of required static device nodes for the current kernel...
         Starting Create list of required st... nodes for the current kernel...
[   22.713001] systemd[1]: Mounted POSIX Message Queue File System.
[[0;32m  OK  [0m] Mounted POSIX Message Queue File System.
[   22.784616] systemd[1]: Mounted Debug File System.
[[0;32m  OK  [0m] Mounted Debug File System.
[   22.884513] systemd[1]: Mounted Huge Pages File System.
[[0;32m  OK  [0m] Mounted Huge Pages File System.
[   22.948541] systemd[1]: Started Journal Service.
[[0;32m  OK  [0m] Started Journal Service.
[[0;32m  OK  [0m] Started Uncomplicated firewall.
[[0;32m  OK  [0m] Started Remount Root and Kernel File Systems.
[[0;32m  OK  [0m] Started Load Kernel Modules.
[[0;32m  OK  [0m] Started Set console keymap.
[[0;32m  OK  [0m] Started Create list of required sta...ce nodes for the current kernel.
[[0;32m  OK  [0m] Started Nameserver information manager.
[[0;32m  OK  [0m] Started LVM2 metadata daemon.
         Starting Create Static Device Nodes in /dev...
         Mounting FUSE Control File System...
         Starting Apply Kernel Variables...
         Starting Load/Save Random Seed...
         Starting Initial cloud-init job (pre-networking)...
         Starting udev Coldplug all Devices...
         Starting Flush Journal to Persistent Storage...
[[0;32m  OK  [0m] Mounted FUSE Control File System.
[[0;32m  OK  [0m] Started Create Static Device Nodes in /dev.
[[0;32m  OK  [0m] Started Apply Kernel Variables.
[[0;32m  OK  [0m] Started Load/Save Random Seed.
[[0;32m  OK  [0m] Started Monitoring of LVM2 mirrors,...ng dmeventd or progress polling.
[[0;32m  OK  [0m] Started udev Coldplug all Devices.
[[0;32m  OK  [0m] Started Flush Journal to Persistent Storage.
         Starting udev Kernel Device Manager...
[[0;32m  OK  [0m] Started udev Kernel Device Manager.
[[0;32m  OK  [0m] Reached target Local File Systems (Pre).
[[0;32m  OK  [0m] Reached target Local File Systems.
         Starting LSB: AppArmor initialization...
         Starting Tell Plymouth To Write Out Runtime Data...
         Starting Create Volatile Files and Directories...
         Starting Set console font and keymap...
[[0;32m  OK  [0m] Started Dispatch Password Requests to Console Directory Watch.
[[0;32m  OK  [0m] Started Tell Plymouth To Write Out Runtime Data.
[[0;32m  OK  [0m] Started Create Volatile Files and Directories.
[   18.359816] cloud-init[457]: Cloud-init v. 0.7.9 running 'init-local' at Sat, 20 May 2017 20:02:07 +0000. Up 17.94 seconds.
[[0;32m  OK  [0m] Started Initial cloud-init job (pre-networking).
[[0;32m  OK  [0m] Found device /dev/ttyS0.
[[0;32m  OK  [0m] Started LSB: AppArmor initialization.
[[0;32m  OK  [0m] Started Set console font and keymap.
[[0;32m  OK  [0m] Listening on Load/Save RF Kill Switch Status /dev/rfkill Watch.
[[0;32m  OK  [0m] Created slice system-getty.slice.
[[0;32m  OK  [0m] Reached target Network (Pre).
[[0;32m  OK  [0m] Started ifup for enp0s8.
         Starting Raise network interfaces...
[[0;32m  OK  [0m] Started ifup for enp0s3.
[[0;32m  OK  [0m] Reached target System Time Synchronized.
         Starting Update UTMP about System Boot/Shutdown...
[[0;32m  OK  [0m] Started Update UTMP about System Boot/Shutdown.
[[0;32m  OK  [0m] Started Raise network interfaces.
[[0;32m  OK  [0m] Reached target Network.
         Starting Initial cloud-init job (metadata service crawler)...
[   21.929477] cloud-init[1044]: Cloud-init v. 0.7.9 running 'init' at Sat, 20 May 2017 20:02:10 +0000. Up 21.44 seconds.
[   21.959757] cloud-init[1044]: ci-info: ++++++++++++++++++++++++++++++++++++++Net device info++++++++++++++++++++++++++++++++++++++
[   22.016572] cloud-init[1044]: ci-info: +--------+------+-----------------------------+---------------+-------+-------------------+
[[0;32m  OK  [0m] Started Initial cloud-init job (metadata service crawler).
[   22.016983] cloud-init[1044]: ci-info: | Device |  Up  |           Address           |      Mask     | Scope |     Hw-Address    |
[   22.084269] cloud-init[1044]: ci-info: +--------+------+-----------------------------+---------------+-------+-------------------+
[[0;32m  OK  [0m] Reached target Cloud-config availability.
[   22.084795] cloud-init[1044]: ci-info: | enp0s8 | True |        192.168.56.101       | 255.255.255.0 |   .   | 08:00:27:0b:aa:8b |
[   22.131242] cloud-init[1044]: ci-info: | enp0s8 | True | fe80::a00:27ff:fe0b:aa8b/64 |       .       |  link | 08:00:27:0b:aa:8b |
[[0;32m  OK  [0m] Reached target System Initialization.
[   22.132215] cloud-init[1044]: ci-info: |   lo   | True |          127.0.0.1          |   255.0.0.0   |   .   |         .         |
[   22.230048] cloud-init[1044]: ci-info: |   lo   | True |           ::1/128           |       .       |  host |         .         |
[   22.230440] cloud-init[1044]: ci-info: | enp0s3 | True |          10.0.2.15          | 255.255.255.0 |   .   | 02:0a:90:ed:0d:4f |
[[0;32m  OK  [0m] Started Timer to automatically refresh installed snaps.
[   22.230628] cloud-init[1044]: ci-info: | enp0s3 | True |   fe80::a:90ff:feed:d4f/64  |       .       |  link | 02:0a:90:ed:0d:4f |
[   22.263718] cloud-init[1044]: ci-info: +--------+------+-----------------------------+---------------+-------+-------------------+
[[0;32m  OK  [0m] Listening on ACPID Listen Socket.
[   22.264548] cloud-init[1044]: ci-info: ++++++++++++++++++++++++++++Route IPv4 info++++++++++++++++++++++++++++
[   22.264680] cloud-init[1044]: ci-info: +-------+--------------+----------+---------------+-----------+-------+
[[0;32m  OK  [0m] Started Trigger resolvconf update for networkd DNS.
[   22.350110] cloud-init[1044]: ci-info: | Route | Destination  | Gateway  |    Genmask    | Interface | Flags |
[   22.397110] [cloud-init[0;32m  OK  [0m[1044]: ] ci-info: +-------+--------------+----------+---------------+-----------+-------+Listening on D-Bus System Message Bus Socket.

[   22.398474] cloud-init[1044]: ci-info: |   0   |   0.0.0.0    | 10.0.2.2 |    0.0.0.0    |   enp0s3  |   UG  |
[   22.477264] cloud-init[1044]: ci-info: |   1   |   10.0.2.0   | 0.0.0.0  | 255.255.255.0 |   enp0s3  |   U   |
[[0;32m  OK  [0m] Started ACPI Events Check.
[   22.477579] cloud-init[1044]: ci-info: |   2   | 192.168.56.0 | 0.0.0.0  | 255.255.255.0 |   enp0s8  |   U   |
[   22.543232] cloud-init[1044]: ci-info: +-------+--------------+----------+---------------+-----------+-------+
[[0;32m  OK  [0m] Reached target Paths.
[[0;32m  OK  [0m] Listening on UUID daemon activation socket.
[[0;32m  OK  [0m] Started Daily apt activities.
         Starting Socket activation for snappy daemon.
         Starting LXD - unix socket.
[[0;32m  OK  [0m] Started Daily Cleanup of Temporary Directories.
[[0;32m  OK  [0m] Reached target Timers.
[[0;32m  OK  [0m] Reached target Network is Online.
         Starting iSCSI initiator daemon (iscsid)...
[[0;32m  OK  [0m] Listening on Socket activation for snappy daemon.
[[0;32m  OK  [0m] Listening on LXD - unix socket.
[[0;32m  OK  [0m] Started iSCSI initiator daemon (iscsid).
         Starting Login to default iSCSI targets...
[[0;32m  OK  [0m] Reached target Sockets.
[[0;32m  OK  [0m] Reached target Basic System.
         Starting System Logging Service...
[[0;32m  OK  [0m] Started ACPI event daemon.
[[0;32m  OK  [0m] Started Regular background program processing daemon.
[[0;32m  OK  [0m] Started D-Bus System Message Bus.
         Starting LSB: Record successful boot for GRUB...
         Starting LSB: MD monitoring daemon...
         Starting /etc/rc.local Compatibility...
[[0;32m  OK  [0m] Started FUSE filesystem for LXC.
         Starting Login Service...
         Starting Apply the settings specified in cloud-config...
         Starting OpenBSD Secure Shell server...
         Starting MySQL Community Server...
[[0;32m  OK  [0m] Started Deferred execution scheduler.
         Starting LXD - container startup/shutdown...
         Starting Accounts Service...
[[0;32m  OK  [0m] Started Snappy daemon.
         Starting Auto import assertions from block devices...
[[0;32m  OK  [0m] Started System Logging Service.
[[0;32m  OK  [0m] Started OpenBSD Secure Shell server.
[[0;32m  OK  [0m] Started /etc/rc.local Compatibility.
[[0;32m  OK  [0m] Started LXD - container startup/shutdown.
[[0;32m  OK  [0m] Started Auto import assertions from block devices.
[[0;32m  OK  [0m] Started Login to default iSCSI targets.
[[0;32m  OK  [0m] Started LSB: MD monitoring daemon.
[[0;32m  OK  [0m] Started LSB: Record successful boot for GRUB.
[[0;32m  OK  [0m] Started Login Service.
         Starting Authenticate and Authorize Users to Run Privileged Tasks...
[[0;32m  OK  [0m] Reached target Remote File Systems (Pre).
[[0;32m  OK  [0m] Reached target Remote File Systems.
         Starting LSB: daemon to balance interrupts for SMP systems...
         Starting LSB: Apache2 web server...
         Starting LSB: automatic crash report generation...
         Starting LSB: Set the CPU Frequency Scaling governor to "ondemand"...
         Starting Permit User Sessions...
         Starting LSB: VirtualBox Linux Additions...
[[0;32m  OK  [0m] Started Authenticate and Authorize Users to Run Privileged Tasks.
[[0;32m  OK  [0m] Started Permit User Sessions.
[[0;32m  OK  [0m] Started Accounts Service.
[[0;32m  OK  [0m] Created slice User Slice of ubuntu.
         Starting User Manager for UID 1000...
         Starting Terminate Plymouth Boot Screen...
         Starting Hold until boot process finishes up...
[[0;32m  OK  [0m] Started LSB: daemon to balance interrupts for SMP systems.
[[0;32m  OK  [0m] Started LSB: automatic crash report generation.
[[0;32m  OK  [0m] Started LSB: Set the CPU Frequency Scaling governor to "ondemand".
[[0;32m  OK  [0m] Started Terminate Plymouth Boot Screen.
[[0;32m  OK  [0m] Started LSB: VirtualBox Linux Additions.
[[0;32m  OK  [0m] Started Hold until boot process finishes up.
[[0;32m  OK  [0m] Started User Manager for UID 1000.
[[0;32m  OK  [0m] Started Session 1 of user ubuntu.
[[0;32m  OK  [0m] Started Serial Getty on ttyS0.
[[0;32m  OK  [0m] Started Getty on tty1.
[[0;32m  OK  [0m] Reached target Login Prompts.
         Starting Set console scheme...
[[0;1;31mFAILED[0m] Failed to start LSB: Apache2 web server.
See 'systemctl status apache2.service' for details.
[[0;32m  OK  [0m] Started Set console scheme.
[   24.834891] cloud-init[1131]: Cloud-init v. 0.7.9 running 'modules:config' at Sat, 20 May 2017 20:02:13 +0000. Up 24.41 seconds.
[[0;32m  OK  [0m] Started Apply the settings specified in cloud-config.
[[0;32m  OK  [0m] Started MySQL Community Server.
[[0;32m  OK  [0m] Reached target Multi-User System.
[[0;32m  OK  [0m] Reached target Graphical Interface.
         Starting Execute cloud user/final scripts...
         Starting Update UTMP about System Runlevel Changes...
[[0;32m  OK  [0m] Started Update UTMP about System Runlevel Changes.
[   26.871977] cloud-init[1473]: Cloud-init v. 0.7.9 running 'modules:final' at Sat, 20 May 2017 20:02:15 +0000. Up 26.53 seconds.
[   26.960748] cloud-init[1473]: Cloud-init v. 0.7.9 finished at Sat, 20 May 2017 20:02:16 +0000. Datasource DataSourceNoCloud [seed=/dev/sdb][dsmode=net].  Up 26.86 seconds
[[0;32m  OK  [0m] Started Execute cloud user/final scripts.
[[0;32m  OK  [0m] Reached target Cloud-init target.

Ubuntu 16.04.2 LTS ubuntu-xenial ttyS0

ubuntu-xenial login: 